open source     > 1 > 1 > /usr/local/texlive/2016/texmf-dist/tex/context/base/mkiv/cont-yes.mkiv

ConTeXt  ver: 2016.05.17 19:20 MKIV current  fmt: 2017.11.27  int: english/english

system          > 'cont-new.mkiv' loaded
open source     > 2 > 2 > /usr/local/texlive/2016/texmf-dist/tex/context/base/mkiv/cont-new.mkiv
close source    > 2 > 2 > /usr/local/texlive/2016/texmf-dist/tex/context/base/mkiv/cont-new.mkiv
system          > files > jobname 'sstevens_CV', input './sstevens_CV', result 'sstevens_CV'
fonts           > latin modern fonts are not preloaded
languages       > language 'en' is active
open source     > 2 > 3 > /Users/sstevens/Documents/CV/sstevens_CV.tex
colors          > defining > unknown library 'hex'
open source     > 3 > 4 > /usr/local/texlive/2016/texmf-dist/tex/context/fonts/mkiv/type-imp-texgyre.mkiv
close source    > 3 > 4 > /usr/local/texlive/2016/texmf-dist/tex/context/fonts/mkiv/type-imp-texgyre.mkiv
structure       > sectioning > section @ level 3 : 0.0.1 -> Sarah Stevens
structure       > sectioning > subsection @ level 4 : 0.0.1.1 -> Education
structure       > sectioning > subsection @ level 4 : 0.0.1.2 -> Research Experience

Overfull \hbox (27.08437pt too wide) in paragraph at lines 108--113
\3>helvetica-11pt-ss-tf-0--0 through time in lakes as a model sys-tem us-ing ref-er-ence genomes (com-pos-ite genomes from metagenomes

\hbox(8.052+2.398)x483.69687, glue set - 1.0, direction TLT
.\3>helvetica-11pt-ss-tf-0--0 t
.\kern -0.055
.\3>helvetica-11pt-ss-tf-0--0 h
.\3>helvetica-11pt-ss-tf-0--0 r
.\kern -0.055
.etc.

structure       > sectioning > subsection @ level 4 : 0.0.1.3 -> Publications
backend         > xmp > using file '/usr/local/texlive/2016/texmf-dist/tex/context/base/mkiv/lpdf-pdx.xml'
pages           > flushing realpage 1, userpage 1
structure       > sectioning > subsection @ level 4 : 0.0.1.4 -> Organizations
structure       > sectioning > subsection @ level 4 : 0.0.1.5 -> Teaching
pages           > flushing realpage 2, userpage 2
structure       > sectioning > subsection @ level 4 : 0.0.1.6 -> Oral Presentations
structure       > sectioning > subsection @ level 4 : 0.0.1.7 -> Poster Presentations
pages           > flushing realpage 3, userpage 3
structure       > sectioning > subsection @ level 4 : 0.0.1.8 -> Awards
pages           > flushing realpage 4, userpage 4
close source    > 2 > 4 > /Users/sstevens/Documents/CV/sstevens_CV.tex
close source    > 1 > 4 > /usr/local/texlive/2016/texmf-dist/tex/context/base/mkiv/cont-yes.mkiv

system          > structure > start used structure

used structure  > text: sstevens_CV

system          > structure > stop used structure


system          > files > start used files

used file       >    1: filename=cont-yes.mkiv filetype=tex foundname=/usr/local/texlive/2016/texmf-dist/tex/context/base/mkiv/cont-yes.mkiv usedmethod=database
used file       >    2: filename=publ-imp-default.lua filetype=lua foundname=/usr/local/texlive/2016/texmf-dist/tex/context/base/mkiv/publ-imp-default.lua usedmethod=database
used file       >    3: filename=cont-new.mkiv filetype=tex foundname=/usr/local/texlive/2016/texmf-dist/tex/context/base/mkiv/cont-new.mkiv usedmethod=database
used file       >    4: filename=lang-us.lua filetype=lua foundname=/usr/local/texlive/2016/texmf-dist/tex/context/patterns/mkiv/lang-us.lua usedmethod=database
used file       >    5: filename=/Users/sstevens/Documents/CV/sstevens_CV.tex foundname=/Users/sstevens/Documents/CV/sstevens_CV.tex usedmethod=direct
used file       >    6: filename=type-imp-texgyre.mkiv filetype=tex foundname=/usr/local/texlive/2016/texmf-dist/tex/context/fonts/mkiv/type-imp-texgyre.mkiv usedmethod=database
used file       >    7: filename=lm.lfg filetype=tex foundname=/usr/local/texlive/2016/texmf-dist/tex/context/fonts/mkiv/lm.lfg usedmethod=database
used file       >    8: filename=texgyreheros-regular filetype=otf format=otf foundname=/usr/local/texlive/2016/texmf-dist/fonts/opentype/public/tex-gyre/texgyreheros-regular.otf usedmethod=database
used file       >    9: filename=latinmodern-math.otf filetype=opentypefonts foundname=/usr/local/texlive/2016/texmf-dist/fonts/opentype/public/lm-math/latinmodern-math.otf usedmethod=database
used file       >   10: filename=texgyreheros-bold filetype=otf format=otf foundname=/usr/local/texlive/2016/texmf-dist/fonts/opentype/public/tex-gyre/texgyreheros-bold.otf usedmethod=database
used file       >   11: filename=texgyreheros-italic filetype=otf format=otf foundname=/usr/local/texlive/2016/texmf-dist/fonts/opentype/public/tex-gyre/texgyreheros-italic.otf usedmethod=database
used file       >   12: filename=lpdf-pdx.xml filetype=tex foundname=/usr/local/texlive/2016/texmf-dist/tex/context/base/mkiv/lpdf-pdx.xml usedmethod=database
used file       >   13: filename=lmmonolt10-bold filetype=otf format=otf foundname=/usr/local/texlive/2016/texmf-dist/fonts/opentype/public/lm/lmmonolt10-bold.otf usedmethod=database

system          > files > stop used files


system          > options > start commandline options

used option     > currentrun="1"
used option     > fulljobname="./sstevens_CV.tex"
used option     > input="./sstevens_CV.tex"
used option     > kindofrun="1"
used option     > maxnofruns="9"
used option     > no-parse-first-line="true"

system          > options > stop commandline options

system          > options > start commandline files

used file       >    1: ./sstevens_CV.tex

system          > options > stop commandline files


mkiv lua stats  > used config file: selfautoparent:/texmfcnf.lua;selfautoparent:/texmf-dist/web2c/texmfcnf.lua
mkiv lua stats  > used cache path: /usr/local/texlive/2016/texmf-var/luatex-cache/context/a86c089b384a3076dc514ba966a1fac9
mkiv lua stats  > resource resolver: loadtime 0.122 seconds, 0 scans with scantime 0.000 seconds, 0 shared scans, 13 found files, scanned paths: <none>
mkiv lua stats  > stored bytecode data: 387 modules (0.353 sec), 82 tables (0.011 sec), 469 chunks (0.365 sec)
mkiv lua stats  > traced context: maxstack: 1175, freed: 0, unreachable: 1175
mkiv lua stats  > cleaned up reserved nodes: 56 nodes, 9 lists of 444
mkiv lua stats  > node memory usage: 14 glue, 2 penalty, 39 attribute, 37 glue_spec, 11 attribute_list, 2 temp
mkiv lua stats  > node list callback tasks: 6 unique task lists, 6 instances (re)created, 369 calls
mkiv lua stats  > h-node processing time: 0.039 seconds including kernel
mkiv lua stats  > used backend: pdf (backend for directly generating pdf output)
mkiv lua stats  > jobdata time: 0.003 seconds saving, 0.002 seconds loading
mkiv lua stats  > callbacks: 735 direct, 905 indirect, 1640 total
mkiv lua stats  > randomizer: resumed with value 0.98407931997631
mkiv lua stats  > loaded patterns: en::2, load time: 0.000
mkiv lua stats  > interactive elements: 58 references, 11 destinations
mkiv lua stats  > result saved in file: sstevens_CV.pdf, compresslevel 3, objectcompresslevel 3
mkiv lua stats  > loaded fonts: 5 files: latinmodern-math.otf, lmmonolt10-bold.otf, texgyreheros-bold.otf, texgyreheros-italic.otf, texgyreheros-regular.otf
mkiv lua stats  > font engine: otf 3.020, afm 1.512, tfm 1.000, 11 instances, 4 shared in backend, 0 common vectors, 4 common hashes, load time 0.245 seconds 
mkiv lua stats  > pdf annotations: 58 links (58 unique), 0 special
mkiv lua stats  > used platform: osx-64, type: unix, binary subtree: bin
mkiv lua stats  > luatex banner: this is luatex, version 0.95.0 (tex live 2016)
mkiv lua stats  > control sequences: 44124 of 65536 + 100000
mkiv lua stats  > lua properties: engine: lua, used memory: 82 MB (ctx: 82 MB), hash type: lua, hash chars: min(64,40), symbol mask: utf (τεχ)
mkiv lua stats  > runtime: 0.963 seconds, 4 processed pages, 4 shipped pages, 4.154 pages/second

